nohup: ignoring input
Using launch settings from /data/data/com.termux/files/home/TrinityS-Ark/Properties/launchSettings.json...
Building...
/data/data/com.termux/files/home/TrinityS-Ark/AspNetCore.Docs/aspnetcore/fundamentals/index/samples_snapshot/2.x/StartupConfigure.cs(1,1): error CS0106: The modifier 'public' is not valid for this item [/data/data/com.termux/files/home/TrinityS-Ark/TrinityS-Ark.csproj]
/data/data/com.termux/files/home/TrinityS-Ark/AspNetCore.Docs/aspnetcore/tutorials/web-api-help-pages-using-swagger/samples/2.1/TodoApi.Swashbuckle/Startup.cs(55,56): error CS1031: Type expected [/data/data/com.termux/files/home/TrinityS-Ark/TrinityS-Ark.csproj]
/data/data/com.termux/files/home/TrinityS-Ark/AspNetCore.Docs/aspnetcore/release-notes/aspnetcore-10/samples/WebAppOpenAPI10/TransformerJsonNode.cs(5,43): error CS1526: A new expression requires an argument list or (), [], or {} after type [/data/data/com.termux/files/home/TrinityS-Ark/TrinityS-Ark.csproj]
/data/data/com.termux/files/home/TrinityS-Ark/AspNetCore.Docs/aspnetcore/signalr/api-design/sample/Samples.cs(2,1): error CS0106: The modifier 'public' is not valid for this item [/data/data/com.termux/files/home/TrinityS-Ark/TrinityS-Ark.csproj]
/data/data/com.termux/files/home/TrinityS-Ark/AspNetCore.Docs/aspnetcore/tutorials/web-api-help-pages-using-swagger/samples/2.1/TodoApi.Swashbuckle/Startup.cs(55,56): error CS1001: Identifier expected [/data/data/com.termux/files/home/TrinityS-Ark/TrinityS-Ark.csproj]
/data/data/com.termux/files/home/TrinityS-Ark/AspNetCore.Docs/aspnetcore/fundamentals/index/samples_snapshot/3.x/ConfigureServices.cs(1,1): error CS0106: The modifier 'public' is not valid for this item [/data/data/com.termux/files/home/TrinityS-Ark/TrinityS-Ark.csproj]
/data/data/com.termux/files/home/TrinityS-Ark/AspNetCore.Docs/aspnetcore/security/authentication/windowsauth/sample_snapshot/StartupNegotiateDefaults.cs(42,88): error CS1002: ; expected [/data/data/com.termux/files/home/TrinityS-Ark/TrinityS-Ark.csproj]
/data/data/com.termux/files/home/TrinityS-Ark/AspNetCore.Docs/aspnetcore/fundamentals/logging/index/samples_snapshot/3.x/TodoApiSample/Program.cs(1,1): error CS0106: The modifier 'public' is not valid for this item [/data/data/com.termux/files/home/TrinityS-Ark/TrinityS-Ark.csproj]
/data/data/com.termux/files/home/TrinityS-Ark/AspNetCore.Docs/aspnetcore/fundamentals/minimal-apis/7.0-samples/CustomBindingExample/CustomBindingExample.cs(1,1): error CS1525: Invalid expression term '<' [/data/data/com.termux/files/home/TrinityS-Ark/TrinityS-Ark.csproj]
/data/data/com.termux/files/home/TrinityS-Ark/AspNetCore.Docs/aspnetcore/fundamentals/openapi/samples/10.x/WebAppOpenAPI10/TransformerJsonNode.cs(5,43): error CS1526: A new expression requires an argument list or (), [], or {} after type [/data/data/com.termux/files/home/TrinityS-Ark/TrinityS-Ark.csproj]
/data/data/com.termux/files/home/TrinityS-Ark/AspNetCore.Docs/aspnetcore/fundamentals/minimal-apis/7.0-samples/CustomBindingExample/CustomBindingExample.cs(1,10): error CS1002: ; expected [/data/data/com.termux/files/home/TrinityS-Ark/TrinityS-Ark.csproj]
/data/data/com.termux/files/home/TrinityS-Ark/AspNetCore.Docs/aspnetcore/fundamentals/logging/index/samples_snapshot/3.x/TodoApiSample/Program.cs(18,1): error CS0106: The modifier 'public' is not valid for this item [/data/data/com.termux/files/home/TrinityS-Ark/TrinityS-Ark.csproj]
/data/data/com.termux/files/home/TrinityS-Ark/AspNetCore.Docs/aspnetcore/fundamentals/minimal-apis/7.0-samples/CustomBindingExample/CustomBindingExample.cs(1,38): error CS1525: Invalid expression term '<' [/data/data/com.termux/files/home/TrinityS-Ark/TrinityS-Ark.csproj]
/data/data/com.termux/files/home/TrinityS-Ark/AspNetCore.Docs/aspnetcore/fundamentals/minimal-apis/7.0-samples/CustomBindingExample/CustomBindingExample.cs(3,18): error CS1525: Invalid expression term '<' [/data/data/com.termux/files/home/TrinityS-Ark/TrinityS-Ark.csproj]
/data/data/com.termux/files/home/TrinityS-Ark/AspNetCore.Docs/aspnetcore/fundamentals/minimal-apis/7.0-samples/CustomBindingExample/CustomBindingExample.cs(4,26): error CS1002: ; expected [/data/data/com.termux/files/home/TrinityS-Ark/TrinityS-Ark.csproj]
/data/data/com.termux/files/home/TrinityS-Ark/AspNetCore.Docs/aspnetcore/fundamentals/minimal-apis/7.0-samples/CustomBindingExample/CustomBindingExample.cs(4,29): error CS1525: Invalid expression term '/' [/data/data/com.termux/files/home/TrinityS-Ark/TrinityS-Ark.csproj]
/data/data/com.termux/files/home/TrinityS-Ark/AspNetCore.Docs/aspnetcore/fundamentals/minimal-apis/7.0-samples/CustomBindingExample/CustomBindingExample.cs(4,46): error CS1525: Invalid expression term '<' [/data/data/com.termux/files/home/TrinityS-Ark/TrinityS-Ark.csproj]
/data/data/com.termux/files/home/TrinityS-Ark/AspNetCore.Docs/aspnetcore/fundamentals/minimal-apis/7.0-samples/CustomBindingExample/CustomBindingExample.cs(5,22): error CS1525: Invalid expression term '/' [/data/data/com.termux/files/home/TrinityS-Ark/TrinityS-Ark.csproj]
/data/data/com.termux/files/home/TrinityS-Ark/AspNetCore.Docs/aspnetcore/fundamentals/minimal-apis/7.0-samples/CustomBindingExample/CustomBindingExample.cs(5,32): error CS1525: Invalid expression term '<' [/data/data/com.termux/files/home/TrinityS-Ark/TrinityS-Ark.csproj]
/data/data/com.termux/files/home/TrinityS-Ark/AspNetCore.Docs/aspnetcore/fundamentals/minimal-apis/7.0-samples/CustomBindingExample/CustomBindingExample.cs(6,28): error CS1525: Invalid expression term '/' [/data/data/com.termux/files/home/TrinityS-Ark/TrinityS-Ark.csproj]
/data/data/com.termux/files/home/TrinityS-Ark/AspNetCore.Docs/aspnetcore/fundamentals/minimal-apis/7.0-samples/CustomBindingExample/CustomBindingExample.cs(6,44): error CS1525: Invalid expression term '<' [/data/data/com.termux/files/home/TrinityS-Ark/TrinityS-Ark.csproj]
/data/data/com.termux/files/home/TrinityS-Ark/AspNetCore.Docs/aspnetcore/fundamentals/minimal-apis/7.0-samples/CustomBindingExample/CustomBindingExample.cs(7,4): error CS1525: Invalid expression term '/' [/data/data/com.termux/files/home/TrinityS-Ark/TrinityS-Ark.csproj]
/data/data/com.termux/files/home/TrinityS-Ark/AspNetCore.Docs/aspnetcore/fundamentals/minimal-apis/7.0-samples/CustomBindingExample/CustomBindingExample.cs(7,19): error CS1525: Invalid expression term '<' [/data/data/com.termux/files/home/TrinityS-Ark/TrinityS-Ark.csproj]
/data/data/com.termux/files/home/TrinityS-Ark/AspNetCore.Docs/aspnetcore/fundamentals/minimal-apis/7.0-samples/CustomBindingExample/CustomBindingExample.cs(9,2): error CS1525: Invalid expression term '/' [/data/data/com.termux/files/home/TrinityS-Ark/TrinityS-Ark.csproj]
/data/data/com.termux/files/home/TrinityS-Ark/AspNetCore.Docs/aspnetcore/fundamentals/minimal-apis/7.0-samples/CustomBindingExample/CustomBindingExample.cs(9,11): error CS1733: Expected expression [/data/data/com.termux/files/home/TrinityS-Ark/TrinityS-Ark.csproj]
/data/data/com.termux/files/home/TrinityS-Ark/AspNetCore.Docs/aspnetcore/fundamentals/minimal-apis/7.0-samples/CustomBindingExample/CustomBindingExample.cs(9,11): error CS1002: ; expected [/data/data/com.termux/files/home/TrinityS-Ark/TrinityS-Ark.csproj]
/data/data/com.termux/files/home/TrinityS-Ark/AspNetCore.Docs/aspnetcore/fundamentals/servers/httpsys/samples_snapshot/2.x/Program.cs(1,1): error CS0106: The modifier 'public' is not valid for this item [/data/data/com.termux/files/home/TrinityS-Ark/TrinityS-Ark.csproj]
/data/data/com.termux/files/home/TrinityS-Ark/AspNetCore.Docs/aspnetcore/fundamentals/servers/httpsys/samples_snapshot/3.x/Program.cs(1,1): error CS0106: The modifier 'public' is not valid for this item [/data/data/com.termux/files/home/TrinityS-Ark/TrinityS-Ark.csproj]
/data/data/com.termux/files/home/TrinityS-Ark/AspNetCore.Docs/aspnetcore/fundamentals/startup/sample_snapshot/Startup3.cs(1,1): error CS0106: The modifier 'public' is not valid for this item [/data/data/com.termux/files/home/TrinityS-Ark/TrinityS-Ark.csproj]
/data/data/com.termux/files/home/TrinityS-Ark/AspNetCore.Docs/aspnetcore/fundamentals/startup/sample_snapshot/Startup4.cs(1,1): error CS0106: The modifier 'public' is not valid for this item [/data/data/com.termux/files/home/TrinityS-Ark/TrinityS-Ark.csproj]
/data/data/com.termux/files/home/TrinityS-Ark/AspNetCore.Docs/aspnetcore/fundamentals/startup/sample_snapshot/Startup5.cs(13,1): error CS0106: The modifier 'public' is not valid for this item [/data/data/com.termux/files/home/TrinityS-Ark/TrinityS-Ark.csproj]
/data/data/com.termux/files/home/TrinityS-Ark/AspNetCore.Docs/aspnetcore/fundamentals/target-aspnetcore/samples/middleware.cs(1,1): error CS0106: The modifier 'public' is not valid for this item [/data/data/com.termux/files/home/TrinityS-Ark/TrinityS-Ark.csproj]
/data/data/com.termux/files/home/TrinityS-Ark/AspNetCore.Docs/aspnetcore/grpc/grpcweb/sample/3-5.x/CORS_Startup.cs(2,1): error CS0106: The modifier 'public' is not valid for this item [/data/data/com.termux/files/home/TrinityS-Ark/TrinityS-Ark.csproj]
/data/data/com.termux/files/home/TrinityS-Ark/AspNetCore.Docs/aspnetcore/grpc/grpcweb/sample/3-5.x/CORS_Startup.cs(15,1): error CS0106: The modifier 'public' is not valid for this item [/data/data/com.termux/files/home/TrinityS-Ark/TrinityS-Ark.csproj]
/data/data/com.termux/files/home/TrinityS-Ark/AspNetCore.Docs/aspnetcore/fundamentals/index/samples_snapshot/3.x/Configure.cs(1,1): error CS0106: The modifier 'public' is not valid for this item [/data/data/com.termux/files/home/TrinityS-Ark/TrinityS-Ark.csproj]
/data/data/com.termux/files/home/TrinityS-Ark/AspNetCore.Docs/aspnetcore/grpc/grpcweb/sample/3-5.x/Startup.cs(2,1): error CS0106: The modifier 'public' is not valid for this item [/data/data/com.termux/files/home/TrinityS-Ark/TrinityS-Ark.csproj]
/data/data/com.termux/files/home/TrinityS-Ark/AspNetCore.Docs/aspnetcore/grpc/grpcweb/sample/3-5.x/Startup.cs(7,1): error CS0106: The modifier 'public' is not valid for this item [/data/data/com.termux/files/home/TrinityS-Ark/TrinityS-Ark.csproj]
/data/data/com.termux/files/home/TrinityS-Ark/AspNetCore.Docs/aspnetcore/signalr/api-design/sample/Samples.cs(9,1): error CS0106: The modifier 'public' is not valid for this item [/data/data/com.termux/files/home/TrinityS-Ark/TrinityS-Ark.csproj]
/data/data/com.termux/files/home/TrinityS-Ark/AspNetCore.Docs/aspnetcore/grpc/test-tools/samples/5.x/Startup.cs(2,1): error CS0106: The modifier 'public' is not valid for this item [/data/data/com.termux/files/home/TrinityS-Ark/TrinityS-Ark.csproj]
/data/data/com.termux/files/home/TrinityS-Ark/AspNetCore.Docs/aspnetcore/signalr/api-design/sample/Samples.cs(21,1): error CS8803: Top-level statements must precede namespace and type declarations. [/data/data/com.termux/files/home/TrinityS-Ark/TrinityS-Ark.csproj]
/data/data/com.termux/files/home/TrinityS-Ark/AspNetCore.Docs/aspnetcore/grpc/test-tools/samples/5.x/Startup.cs(8,1): error CS0106: The modifier 'public' is not valid for this item [/data/data/com.termux/files/home/TrinityS-Ark/TrinityS-Ark.csproj]
/data/data/com.termux/files/home/TrinityS-Ark/AspNetCore.Docs/aspnetcore/signalr/api-design/sample/Samples.cs(21,1): error CS0106: The modifier 'public' is not valid for this item [/data/data/com.termux/files/home/TrinityS-Ark/TrinityS-Ark.csproj]
/data/data/com.termux/files/home/TrinityS-Ark/AspNetCore.Docs/aspnetcore/signalr/api-design/sample/Samples.cs(34,1): error CS0106: The modifier 'public' is not valid for this item [/data/data/com.termux/files/home/TrinityS-Ark/TrinityS-Ark.csproj]
/data/data/com.termux/files/home/TrinityS-Ark/AspNetCore.Docs/aspnetcore/signalr/api-design/sample/Samples.cs(46,1): error CS0106: The modifier 'public' is not valid for this item [/data/data/com.termux/files/home/TrinityS-Ark/TrinityS-Ark.csproj]
/data/data/com.termux/files/home/TrinityS-Ark/AspNetCore.Docs/aspnetcore/grpc/test-tools/Startup.cs(2,1): error CS0106: The modifier 'public' is not valid for this item [/data/data/com.termux/files/home/TrinityS-Ark/TrinityS-Ark.csproj]
/data/data/com.termux/files/home/TrinityS-Ark/AspNetCore.Docs/aspnetcore/grpc/test-tools/Startup.cs(8,1): error CS0106: The modifier 'public' is not valid for this item [/data/data/com.termux/files/home/TrinityS-Ark/TrinityS-Ark.csproj]
/data/data/com.termux/files/home/TrinityS-Ark/AspNetCore.Docs/aspnetcore/signalr/api-design/sample/Samples.cs(56,1): error CS0106: The modifier 'public' is not valid for this item [/data/data/com.termux/files/home/TrinityS-Ark/TrinityS-Ark.csproj]
/data/data/com.termux/files/home/TrinityS-Ark/AspNetCore.Docs/aspnetcore/signalr/api-design/sample/Samples.cs(67,1): error CS0106: The modifier 'public' is not valid for this item [/data/data/com.termux/files/home/TrinityS-Ark/TrinityS-Ark.csproj]
/data/data/com.termux/files/home/TrinityS-Ark/AspNetCore.Docs/aspnetcore/signalr/diagnostics/logging-config-code.cs(1,1): error CS0106: The modifier 'public' is not valid for this item [/data/data/com.termux/files/home/TrinityS-Ark/TrinityS-Ark.csproj]
/data/data/com.termux/files/home/TrinityS-Ark/AspNetCore.Docs/aspnetcore/fundamentals/index/samples_snapshot/3.x/StartupConfigure.cs(1,1): error CS0106: The modifier 'public' is not valid for this item [/data/data/com.termux/files/home/TrinityS-Ark/TrinityS-Ark.csproj]
/data/data/com.termux/files/home/TrinityS-Ark/AspNetCore.Docs/aspnetcore/signalr/diagnostics/net-client-custom-log.cs(9,48): error CS1002: ; expected [/data/data/com.termux/files/home/TrinityS-Ark/TrinityS-Ark.csproj]
/data/data/com.termux/files/home/TrinityS-Ark/AspNetCore.Docs/aspnetcore/signalr/diagnostics/net-client-debug-log.cs(9,48): error CS1002: ; expected [/data/data/com.termux/files/home/TrinityS-Ark/TrinityS-Ark.csproj]
/data/data/com.termux/files/home/TrinityS-Ark/AspNetCore.Docs/aspnetcore/test/middleware/samples_snapshot/3.x/false-failure-check.cs(2,1): error CS0106: The modifier 'public' is not valid for this item [/data/data/com.termux/files/home/TrinityS-Ark/TrinityS-Ark.csproj]
/data/data/com.termux/files/home/TrinityS-Ark/AspNetCore.Docs/aspnetcore/test/middleware/samples_snapshot/3.x/final-test.cs(2,1): error CS0106: The modifier 'public' is not valid for this item [/data/data/com.termux/files/home/TrinityS-Ark/TrinityS-Ark.csproj]
/data/data/com.termux/files/home/TrinityS-Ark/AspNetCore.Docs/aspnetcore/test/middleware/samples_snapshot/3.x/request.cs(2,1): error CS0106: The modifier 'public' is not valid for this item [/data/data/com.termux/files/home/TrinityS-Ark/TrinityS-Ark.csproj]
/data/data/com.termux/files/home/TrinityS-Ark/AspNetCore.Docs/aspnetcore/tutorials/first-mongo-app/samples_snapshot/3.x/SampleApp/Startup.ConfigureServices.AddDbSettings.cs(1,1): error CS0106: The modifier 'public' is not valid for this item [/data/data/com.termux/files/home/TrinityS-Ark/TrinityS-Ark.csproj]
/data/data/com.termux/files/home/TrinityS-Ark/AspNetCore.Docs/aspnetcore/test/middleware/samples_snapshot/3.x/request.cs(22,5): error CS8635: Unexpected character sequence '...' [/data/data/com.termux/files/home/TrinityS-Ark/TrinityS-Ark.csproj]
/data/data/com.termux/files/home/TrinityS-Ark/AspNetCore.Docs/aspnetcore/test/middleware/samples_snapshot/3.x/request.cs(22,8): error CS1002: ; expected [/data/data/com.termux/files/home/TrinityS-Ark/TrinityS-Ark.csproj]
/data/data/com.termux/files/home/TrinityS-Ark/AspNetCore.Docs/aspnetcore/tutorials/first-mongo-app/samples_snapshot/3.x/SampleApp/Startup.ConfigureServices.AddSingletonService.cs(1,1): error CS0106: The modifier 'public' is not valid for this item [/data/data/com.termux/files/home/TrinityS-Ark/TrinityS-Ark.csproj]
/data/data/com.termux/files/home/TrinityS-Ark/AspNetCore.Docs/aspnetcore/test/middleware/samples_snapshot/3.x/setup.cs(2,1): error CS0106: The modifier 'public' is not valid for this item [/data/data/com.termux/files/home/TrinityS-Ark/TrinityS-Ark.csproj]
/data/data/com.termux/files/home/TrinityS-Ark/AspNetCore.Docs/aspnetcore/test/middleware/samples_snapshot/3.x/setup.cs(20,5): error CS8635: Unexpected character sequence '...' [/data/data/com.termux/files/home/TrinityS-Ark/TrinityS-Ark.csproj]
/data/data/com.termux/files/home/TrinityS-Ark/AspNetCore.Docs/aspnetcore/test/middleware/samples_snapshot/3.x/setup.cs(20,8): error CS1002: ; expected [/data/data/com.termux/files/home/TrinityS-Ark/TrinityS-Ark.csproj]
/data/data/com.termux/files/home/TrinityS-Ark/AspNetCore.Docs/aspnetcore/tutorials/min-web-api/samples/6.x/todo_SwaggerVersion/Program.cs(105,18): error CS1027: #endif directive expected [/data/data/com.termux/files/home/TrinityS-Ark/TrinityS-Ark.csproj]
/data/data/com.termux/files/home/TrinityS-Ark/AspNetCore.Docs/aspnetcore/security/data-protection/using-data-protection/samples/webappexample2.cs(26,6): error CS1513: } expected [/data/data/com.termux/files/home/TrinityS-Ark/TrinityS-Ark.csproj]
/data/data/com.termux/files/home/TrinityS-Ark/AspNetCore.Docs/aspnetcore/grpc/health-checks/Startup.cs(1,1): error CS0106: The modifier 'public' is not valid for this item [/data/data/com.termux/files/home/TrinityS-Ark/TrinityS-Ark.csproj]
/data/data/com.termux/files/home/TrinityS-Ark/AspNetCore.Docs/aspnetcore/grpc/health-checks/Startup.cs(9,1): error CS0106: The modifier 'public' is not valid for this item [/data/data/com.termux/files/home/TrinityS-Ark/TrinityS-Ark.csproj]
/data/data/com.termux/files/home/TrinityS-Ark/AspNetCore.Docs/aspnetcore/signalr/authn-and-authz/sample/Startup.cs(54,78): error CS1525: Invalid expression term ';' [/data/data/com.termux/files/home/TrinityS-Ark/TrinityS-Ark.csproj]
/data/data/com.termux/files/home/TrinityS-Ark/AspNetCore.Docs/aspnetcore/security/authentication/social/social-code/3.x/StartupGoogle3x.cs(1,1): error CS0106: The modifier 'public' is not valid for this item [/data/data/com.termux/files/home/TrinityS-Ark/TrinityS-Ark.csproj]
/data/data/com.termux/files/home/TrinityS-Ark/AspNetCore.Docs/aspnetcore/fundamentals/startup/sample_snapshot/Program1.cs(18,17): error CS8635: Unexpected character sequence '...' [/data/data/com.termux/files/home/TrinityS-Ark/TrinityS-Ark.csproj]
/data/data/com.termux/files/home/TrinityS-Ark/AspNetCore.Docs/aspnetcore/fundamentals/startup/sample_snapshot/Program1.cs(18,20): error CS1002: ; expected [/data/data/com.termux/files/home/TrinityS-Ark/TrinityS-Ark.csproj]
/data/data/com.termux/files/home/TrinityS-Ark/AspNetCore.Docs/aspnetcore/security/authentication/social/social-code/3.x/StartupTwitter3x.cs(1,1): error CS0106: The modifier 'public' is not valid for this item [/data/data/com.termux/files/home/TrinityS-Ark/TrinityS-Ark.csproj]
/data/data/com.termux/files/home/TrinityS-Ark/AspNetCore.Docs/aspnetcore/grpc/deadlines-cancellation/cancellation-client.cs(3,1): error CS0106: The modifier 'public' is not valid for this item [/data/data/com.termux/files/home/TrinityS-Ark/TrinityS-Ark.csproj]
/data/data/com.termux/files/home/TrinityS-Ark/AspNetCore.Docs/aspnetcore/grpc/deadlines-cancellation/cancellation-client.cs(17,1): error CS0106: The modifier 'public' is not valid for this item [/data/data/com.termux/files/home/TrinityS-Ark/TrinityS-Ark.csproj]
/data/data/com.termux/files/home/TrinityS-Ark/AspNetCore.Docs/aspnetcore/fundamentals/startup/sample_snapshot/Program1.cs(32,21): error CS8635: Unexpected character sequence '...' [/data/data/com.termux/files/home/TrinityS-Ark/TrinityS-Ark.csproj]
/data/data/com.termux/files/home/TrinityS-Ark/AspNetCore.Docs/aspnetcore/fundamentals/startup/sample_snapshot/Program1.cs(32,24): error CS1002: ; expected [/data/data/com.termux/files/home/TrinityS-Ark/TrinityS-Ark.csproj]
/data/data/com.termux/files/home/TrinityS-Ark/AspNetCore.Docs/aspnetcore/grpc/diagnostics/sample/logging-config-code.cs(1,1): error CS0106: The modifier 'public' is not valid for this item [/data/data/com.termux/files/home/TrinityS-Ark/TrinityS-Ark.csproj]
/data/data/com.termux/files/home/TrinityS-Ark/AspNetCore.Docs/aspnetcore/fundamentals/startup/sample_snapshot/Program1.cs(36,21): error CS8635: Unexpected character sequence '...' [/data/data/com.termux/files/home/TrinityS-Ark/TrinityS-Ark.csproj]
/data/data/com.termux/files/home/TrinityS-Ark/AspNetCore.Docs/aspnetcore/fundamentals/startup/sample_snapshot/Program1.cs(36,24): error CS1002: ; expected [/data/data/com.termux/files/home/TrinityS-Ark/TrinityS-Ark.csproj]
/data/data/com.termux/files/home/TrinityS-Ark/AspNetCore.Docs/aspnetcore/fundamentals/startup/sample_snapshot/Program1.cs(41,17): error CS8635: Unexpected character sequence '...' [/data/data/com.termux/files/home/TrinityS-Ark/TrinityS-Ark.csproj]
/data/data/com.termux/files/home/TrinityS-Ark/AspNetCore.Docs/aspnetcore/fundamentals/startup/sample_snapshot/Program1.cs(41,20): error CS1002: ; expected [/data/data/com.termux/files/home/TrinityS-Ark/TrinityS-Ark.csproj]
/data/data/com.termux/files/home/TrinityS-Ark/AspNetCore.Docs/aspnetcore/fundamentals/startup/sample_snapshot/Startup1.cs(6,9): error CS8635: Unexpected character sequence '...' [/data/data/com.termux/files/home/TrinityS-Ark/TrinityS-Ark.csproj]
/data/data/com.termux/files/home/TrinityS-Ark/AspNetCore.Docs/aspnetcore/fundamentals/startup/sample_snapshot/Startup1.cs(6,12): error CS1002: ; expected [/data/data/com.termux/files/home/TrinityS-Ark/TrinityS-Ark.csproj]
/data/data/com.termux/files/home/TrinityS-Ark/AspNetCore.Docs/aspnetcore/fundamentals/startup/sample_snapshot/Startup1.cs(12,9): error CS8635: Unexpected character sequence '...' [/data/data/com.termux/files/home/TrinityS-Ark/TrinityS-Ark.csproj]
/data/data/com.termux/files/home/TrinityS-Ark/AspNetCore.Docs/aspnetcore/fundamentals/startup/sample_snapshot/Startup1.cs(12,12): error CS1002: ; expected [/data/data/com.termux/files/home/TrinityS-Ark/TrinityS-Ark.csproj]

The build failed. Fix the build errors and run again.
